c:\pinballfaster\pinfasterball\consoleapplication1\consoleapplication1\debug\pinfasterball.pch
c:\pinballfaster\pinfasterball\consoleapplication1\consoleapplication1\debug\vc142.pdb
c:\pinballfaster\pinfasterball\consoleapplication1\consoleapplication1\debug\vc142.idb
c:\pinballfaster\pinfasterball\consoleapplication1\consoleapplication1\debug\pch.obj
c:\pinballfaster\pinfasterball\consoleapplication1\consoleapplication1\debug\state.obj
c:\pinballfaster\pinfasterball\consoleapplication1\consoleapplication1\debug\player.obj
c:\pinballfaster\pinfasterball\consoleapplication1\consoleapplication1\debug\collider.obj
c:\pinballfaster\pinfasterball\consoleapplication1\consoleapplication1\debug\ball.obj
c:\pinballfaster\pinfasterball\consoleapplication1\consoleapplication1\debug\main.obj
c:\pinballfaster\pinfasterball\consoleapplication1\consoleapplication1\debug\wall.obj
c:\pinballfaster\pinfasterball\consoleapplication1\consoleapplication1\debug\gamestate.obj
c:\pinballfaster\pinfasterball\consoleapplication1\consoleapplication1\debug\game.obj
c:\pinballfaster\pinfasterball\consoleapplication1\consoleapplication1\debug\menustate.obj
c:\pinballfaster\pinfasterball\consoleapplication1\debug\pinfasterball.exe
c:\pinballfaster\pinfasterball\consoleapplication1\debug\pinfasterball.ilk
c:\pinballfaster\pinfasterball\consoleapplication1\debug\pinfasterball.pdb
c:\pinballfaster\pinfasterball\consoleapplication1\consoleapplication1\debug\pinfasterball.tlog\cl.command.1.tlog
c:\pinballfaster\pinfasterball\consoleapplication1\consoleapplication1\debug\pinfasterball.tlog\cl.read.1.tlog
c:\pinballfaster\pinfasterball\consoleapplication1\consoleapplication1\debug\pinfasterball.tlog\cl.write.1.tlog
c:\pinballfaster\pinfasterball\consoleapplication1\consoleapplication1\debug\pinfasterball.tlog\link.command.1.tlog
c:\pinballfaster\pinfasterball\consoleapplication1\consoleapplication1\debug\pinfasterball.tlog\link.read.1.tlog
c:\pinballfaster\pinfasterball\consoleapplication1\consoleapplication1\debug\pinfasterball.tlog\link.write.1.tlog
