c:\pinballfaster\pinfasterball\consoleapplication1\consoleapplication1\release\pinfasterball.pch
c:\pinballfaster\pinfasterball\consoleapplication1\consoleapplication1\release\vc142.pdb
c:\pinballfaster\pinfasterball\consoleapplication1\consoleapplication1\release\pch.obj
c:\pinballfaster\pinfasterball\consoleapplication1\consoleapplication1\release\wall.obj
c:\pinballfaster\pinfasterball\consoleapplication1\consoleapplication1\release\state.obj
c:\pinballfaster\pinfasterball\consoleapplication1\consoleapplication1\release\player.obj
c:\pinballfaster\pinfasterball\consoleapplication1\consoleapplication1\release\menustate.obj
c:\pinballfaster\pinfasterball\consoleapplication1\consoleapplication1\release\main.obj
c:\pinballfaster\pinfasterball\consoleapplication1\consoleapplication1\release\gamestate.obj
c:\pinballfaster\pinfasterball\consoleapplication1\consoleapplication1\release\game.obj
c:\pinballfaster\pinfasterball\consoleapplication1\consoleapplication1\release\collider.obj
c:\pinballfaster\pinfasterball\consoleapplication1\consoleapplication1\release\ball.obj
c:\pinballfaster\pinfasterball\consoleapplication1\release\pinfasterball.exe
c:\pinballfaster\pinfasterball\consoleapplication1\release\pinfasterball.pdb
c:\pinballfaster\pinfasterball\consoleapplication1\release\pinfasterball.ipdb
c:\pinballfaster\pinfasterball\consoleapplication1\release\pinfasterball.iobj
c:\pinballfaster\pinfasterball\consoleapplication1\consoleapplication1\release\pinfasterball.tlog\cl.command.1.tlog
c:\pinballfaster\pinfasterball\consoleapplication1\consoleapplication1\release\pinfasterball.tlog\cl.read.1.tlog
c:\pinballfaster\pinfasterball\consoleapplication1\consoleapplication1\release\pinfasterball.tlog\cl.write.1.tlog
c:\pinballfaster\pinfasterball\consoleapplication1\consoleapplication1\release\pinfasterball.tlog\link.command.1.tlog
c:\pinballfaster\pinfasterball\consoleapplication1\consoleapplication1\release\pinfasterball.tlog\link.read.1.tlog
c:\pinballfaster\pinfasterball\consoleapplication1\consoleapplication1\release\pinfasterball.tlog\link.write.1.tlog
c:\pinballfaster\pinfasterball\consoleapplication1\consoleapplication1\release\pinfasterball.tlog\pinfasterball.write.1u.tlog
